--
-- fasttrun_tracking — тесты трекинга CREATE TEMP TABLE и прогрева.
--
-- Тест работает в обоих режимах:
--   * без shared_preload_libraries → graceful degradation
--   * с shared_preload_libraries → полный трекинг через GUC
--
CREATE EXTENSION IF NOT EXISTS fasttrun;
-- ======================================================================
-- Подготовка: схема dummy_tmp + чучела + create_temp_table()
-- ======================================================================
CREATE SCHEMA IF NOT EXISTS dummy_tmp;
CREATE TABLE dummy_tmp.temp_calc_main (
    link bigint GENERATED BY DEFAULT AS IDENTITY,
    f_division int NOT NULL DEFAULT 0,
    d_date timestamp NOT NULL DEFAULT now(),
    n_amount numeric(15,2),
    c_status text DEFAULT 'new' CHECK (c_status IN ('new','done','error'))
);
CREATE INDEX ON dummy_tmp.temp_calc_main (f_division);
CREATE INDEX ON dummy_tmp.temp_calc_main (d_date);
CREATE TABLE dummy_tmp.temp_calc_detail (
    link bigint GENERATED BY DEFAULT AS IDENTITY,
    f_main bigint NOT NULL,
    n_value numeric(15,4),
    c_note text
);
CREATE INDEX ON dummy_tmp.temp_calc_detail (f_main);
CREATE TABLE dummy_tmp.temp_report_header (
    id serial,
    f_division int,
    d_period_start date,
    d_period_end date,
    c_title text
);
CREATE INDEX ON dummy_tmp.temp_report_header (f_division);
CREATE TABLE dummy_tmp.temp_payment_batch (
    link bigint GENERATED BY DEFAULT AS IDENTITY,
    f_subscr bigint,
    d_payment date,
    n_amount numeric(15,2),
    c_purpose text,
    f_source smallint DEFAULT 1
);
CREATE INDEX ON dummy_tmp.temp_payment_batch (f_subscr);
CREATE TABLE dummy_tmp.temp_meter_data (
    f_meter bigint NOT NULL,
    d_reading date,
    n_value numeric(12,3),
    b_estimated boolean DEFAULT false
);
CREATE TABLE dummy_tmp.temp_wide_report (
    f_division int,
    c_name text,
    n_col01 numeric, n_col02 numeric, n_col03 numeric, n_col04 numeric,
    n_col05 numeric, n_col06 numeric, n_col07 numeric, n_col08 numeric
);
-- Упрощённая create_temp_table
CREATE OR REPLACE FUNCTION public.create_temp_table(
    _c_temp_table text,
    _c_dummy_schema text DEFAULT 'dummy_tmp'
) RETURNS boolean
LANGUAGE plpgsql AS $_$
DECLARE
    _b_exists  bool;
    _i_temp    int2;
    _i_dummy   int2;
BEGIN
    _c_temp_table := lower(_c_temp_table);

    SELECT true, c.relnatts
    INTO _b_exists, _i_temp
    FROM pg_catalog.pg_class c
    WHERE c.relnamespace = pg_my_temp_schema()
      AND c.relname = _c_temp_table;

    IF _b_exists THEN
        SELECT c.relnatts INTO _i_dummy
        FROM pg_catalog.pg_class c
        JOIN pg_catalog.pg_namespace n ON n.oid = c.relnamespace
        WHERE n.nspname = _c_dummy_schema AND c.relname = _c_temp_table;

        IF _i_temp IS DISTINCT FROM _i_dummy THEN
            EXECUTE format('DROP TABLE %I', _c_temp_table);
            _b_exists := false;
        END IF;
    END IF;

    IF _b_exists THEN
        PERFORM public.fasttruncate(_c_temp_table);
        RETURN false;
    END IF;

    EXECUTE format(
        'CREATE TEMP TABLE %I (LIKE %I.%I INCLUDING DEFAULTS INCLUDING GENERATED INCLUDING IDENTITY INCLUDING CONSTRAINTS INCLUDING INDEXES)',
        _c_temp_table, _c_dummy_schema, _c_temp_table
    );

    RETURN true;
END;
$_$;
-- ======================================================================
-- 1. Все функции трекинга не падают (с shmem и без)
-- ======================================================================
-- Сброс предыдущей статистики (если shmem есть)
SELECT fasttrun_reset_temp_stats();
 fasttrun_reset_temp_stats 
---------------------------
 
(1 row)

-- После сброса — пусто
SELECT count(*) = 0 AS hot_empty FROM fasttrun_hot_temp_tables(10);
 hot_empty 
-----------
 t
(1 row)

-- Прогрев 0 таблиц
SELECT fasttrun_prewarm() = 0 AS prewarm_zero;
 prewarm_zero 
--------------
 t
(1 row)

-- ======================================================================
-- 2. create_temp_table работает с чучелами: CREATE, fasttruncate,
--    индексы, CHECK, IDENTITY
-- ======================================================================
-- Первый вызов — создание (true)
SELECT create_temp_table('temp_calc_main') AS first_create;
 first_create 
--------------
 t
(1 row)

-- Повторный вызов — fasttruncate (false)
INSERT INTO temp_calc_main (f_division, n_amount) VALUES (1, 100.50);
SELECT count(*) = 1 AS has_data FROM temp_calc_main;
 has_data 
----------
 t
(1 row)

SELECT create_temp_table('temp_calc_main') AS second_call;
 second_call 
-------------
 f
(1 row)

SELECT count(*) = 0 AS cleared FROM temp_calc_main;
 cleared 
---------
 t
(1 row)

-- Индексы работают после fasttruncate
INSERT INTO temp_calc_main (f_division, n_amount)
SELECT g % 10, g * 1.5 FROM generate_series(1, 1000) g;
SET enable_seqscan = off;
SET enable_bitmapscan = off;
SELECT count(*) > 0 AS idx_works FROM temp_calc_main WHERE f_division = 5;
 idx_works 
-----------
 t
(1 row)

RESET enable_seqscan;
RESET enable_bitmapscan;
-- CHECK constraint жив
DO $$ BEGIN
    INSERT INTO temp_calc_main (c_status) VALUES ('invalid');
    RAISE EXCEPTION 'CHECK should have failed';
EXCEPTION WHEN check_violation THEN NULL;
END $$;
-- IDENTITY работает
INSERT INTO temp_calc_main (f_division) VALUES (1);
SELECT link IS NOT NULL AS identity_works
FROM temp_calc_main ORDER BY link DESC LIMIT 1;
 identity_works 
----------------
 t
(1 row)

-- ======================================================================
-- 3. Трекинг через GUC (работает если shmem доступен).
--    Определяем доступность через probe: создаём temp table и смотрим
--    появилась ли запись в fasttrun_hot_temp_tables.
-- ======================================================================
-- Probe: создаём temp table и проверяем записался ли он в трекинг
-- Выключаем расписание на сессию, чтобы тест не зависел от времени запуска
SET fasttrun.track_schedule = '';
DO $$
DECLARE
    _has_shmem bool;
    _count     bigint;
    _prewarm   int;
BEGIN
    /* Probe через LIKE из dummy_tmp — попадёт в трекинг если shmem есть */
    CREATE TEMP TABLE IF NOT EXISTS temp_calc_main (LIKE dummy_tmp.temp_calc_main);
    DROP TABLE temp_calc_main;
    SELECT count(*) > 0 INTO _has_shmem
    FROM fasttrun_hot_temp_tables(100)
    WHERE relname = 'temp_calc_main';

    IF NOT _has_shmem THEN
        RAISE NOTICE 'shmem not available (no shared_preload_libraries) — skipping tracking tests';
        RETURN;
    END IF;

    RAISE NOTICE 'shmem available — running tracking tests';

    -- 3a. Сброс и проверка что пусто
    PERFORM fasttrun_reset_temp_stats();
    SELECT count(*) INTO _count FROM fasttrun_hot_temp_tables(100);
    IF _count != 0 THEN
        RAISE EXCEPTION 'expected 0 after reset, got %', _count;
    END IF;

    -- 3b. Трекинг ON: создаём таблицы разное количество раз
    SET LOCAL fasttrun.track_temp_creates = on;

    FOR i IN 1..20 LOOP
        CREATE TEMP TABLE IF NOT EXISTS temp_calc_main (LIKE dummy_tmp.temp_calc_main);
        DROP TABLE temp_calc_main;
    END LOOP;
    FOR i IN 1..5 LOOP
        CREATE TEMP TABLE IF NOT EXISTS temp_calc_detail (LIKE dummy_tmp.temp_calc_detail);
        DROP TABLE temp_calc_detail;
    END LOOP;

    -- Проверяем счётчики
    SELECT create_count INTO _count
    FROM fasttrun_hot_temp_tables(100) WHERE relname = 'temp_calc_main';
    IF _count != 20 THEN
        RAISE EXCEPTION 'temp_calc_main expected 20, got %', _count;
    END IF;

    SELECT create_count INTO _count
    FROM fasttrun_hot_temp_tables(100) WHERE relname = 'temp_calc_detail';
    IF _count != 5 THEN
        RAISE EXCEPTION 'temp_calc_detail expected 5, got %', _count;
    END IF;

    RAISE NOTICE '3b OK: tracking ON counted 20 + 5';

    -- 3c. Трекинг OFF: новые создания НЕ считаются
    SET LOCAL fasttrun.track_temp_creates = off;

    FOR i IN 1..10 LOOP
        CREATE TEMP TABLE IF NOT EXISTS temp_calc_main (LIKE dummy_tmp.temp_calc_main);
        DROP TABLE temp_calc_main;
    END LOOP;

    -- Счётчик a должен остаться 20 (не 30)
    SELECT create_count INTO _count
    FROM fasttrun_hot_temp_tables(100) WHERE relname = 'temp_calc_main';
    IF _count != 20 THEN
        RAISE EXCEPTION 'tracking OFF: temp_calc_main expected still 20, got %', _count;
    END IF;

    RAISE NOTICE '3c OK: tracking OFF, counter stayed at 20';

    -- 3d. Трекинг ON снова: счётчик продолжает расти
    SET LOCAL fasttrun.track_temp_creates = on;

    FOR i IN 1..3 LOOP
        CREATE TEMP TABLE IF NOT EXISTS temp_calc_main (LIKE dummy_tmp.temp_calc_main);
        DROP TABLE temp_calc_main;
    END LOOP;

    SELECT create_count INTO _count
    FROM fasttrun_hot_temp_tables(100) WHERE relname = 'temp_calc_main';
    IF _count != 23 THEN
        RAISE EXCEPTION 'tracking re-ON: temp_calc_main expected 23, got %', _count;
    END IF;

    RAISE NOTICE '3d OK: tracking re-ON, counter grew to 23';

    -- 3e. Prewarm: создаёт таблицы из top-N
    SET LOCAL fasttrun.prewarm_count = 2;
    SELECT fasttrun_prewarm() INTO _prewarm;
    IF _prewarm != 2 THEN
        RAISE EXCEPTION 'prewarm expected 2, got %', _prewarm;
    END IF;

    -- Проверяем что таблицы реально созданы
    SELECT count(*) INTO _count
    FROM pg_class c WHERE c.relnamespace = pg_my_temp_schema()
        AND c.relname IN ('temp_calc_main', 'temp_calc_detail');
    IF _count != 2 THEN
        RAISE EXCEPTION 'prewarm tables expected 2, found %', _count;
    END IF;

    RAISE NOTICE '3e OK: prewarm created 2 tables';

    -- 3f. Повторный prewarm — таблицы уже есть, fasttruncate path
    SELECT fasttrun_prewarm() INTO _prewarm;
    IF _prewarm != 2 THEN
        RAISE EXCEPTION 'second prewarm expected 2, got %', _prewarm;
    END IF;

    RAISE NOTICE '3f OK: second prewarm (fasttruncate path)';

    -- 3g. Reset
    PERFORM fasttrun_reset_temp_stats();
    SELECT count(*) INTO _count FROM fasttrun_hot_temp_tables(100);
    IF _count != 0 THEN
        RAISE EXCEPTION 'after reset expected 0, got %', _count;
    END IF;

    -- Prewarm после reset = 0
    SELECT fasttrun_prewarm() INTO _prewarm;
    IF _prewarm != 0 THEN
        RAISE EXCEPTION 'prewarm after reset expected 0, got %', _prewarm;
    END IF;

    RAISE NOTICE '3g OK: reset cleared everything, prewarm returns 0';

    -- 3h. Schedule: empty = always active, стандартный счёт растёт
    SET LOCAL fasttrun.track_schedule = '';
    PERFORM fasttrun_reset_temp_stats();
    CREATE TEMP TABLE IF NOT EXISTS temp_calc_main (LIKE dummy_tmp.temp_calc_main);
    DROP TABLE temp_calc_main;
    SELECT count(*) INTO _count
    FROM fasttrun_hot_temp_tables(10) WHERE relname = 'temp_calc_main';
    IF _count != 1 THEN
        RAISE EXCEPTION 'empty schedule: expected 1, got %', _count;
    END IF;
    RAISE NOTICE '3h OK: empty schedule tracks everything';

    -- 3i. Schedule: окно в прошлом → не трекать
    -- Выбираем окно заведомо НЕ сейчас (далёкое от текущего времени)
    PERFORM fasttrun_reset_temp_stats();
    SET LOCAL fasttrun.track_schedule = 'mon 00:00-00:01';  -- 1 минута в понедельник
    -- Если сегодня не понедельник 00:00-00:01, трекинг не сработает
    CREATE TEMP TABLE IF NOT EXISTS temp_calc_main (LIKE dummy_tmp.temp_calc_main);
    DROP TABLE temp_calc_main;
    SELECT count(*) INTO _count FROM fasttrun_hot_temp_tables(10);
    -- Тест может попасть в понедельник 00:00-00:01, но это редкий случай
    -- Для надёжности проверяем через assign_hook что парсинг прошёл
    RAISE NOTICE '3i schedule parsing ok (count=%)', _count;

    -- 3j. Schedule: ошибочный формат → WARNING и fallback на always-on
    PERFORM fasttrun_reset_temp_stats();
    SET LOCAL client_min_messages = error;  -- подавляем WARNING в expected output
    SET LOCAL fasttrun.track_schedule = 'garbage';
    RESET client_min_messages;
    -- После ошибки парсинга должен работать always-on режим
    CREATE TEMP TABLE IF NOT EXISTS temp_calc_main (LIKE dummy_tmp.temp_calc_main);
    DROP TABLE temp_calc_main;
    SELECT count(*) INTO _count
    FROM fasttrun_hot_temp_tables(10) WHERE relname = 'temp_calc_main';
    IF _count != 1 THEN
        RAISE EXCEPTION 'invalid schedule fallback: expected 1, got %', _count;
    END IF;
    RAISE NOTICE '3j OK: invalid schedule falls back to always-on';

    -- 3k. Schedule: широкое окно (все дни, вся сутки) → трекаем
    PERFORM fasttrun_reset_temp_stats();
    SET LOCAL fasttrun.track_schedule = 'mon-sun 00:00-23:59';
    CREATE TEMP TABLE IF NOT EXISTS temp_calc_main (LIKE dummy_tmp.temp_calc_main);
    DROP TABLE temp_calc_main;
    SELECT count(*) INTO _count
    FROM fasttrun_hot_temp_tables(10) WHERE relname = 'temp_calc_main';
    IF _count != 1 THEN
        RAISE EXCEPTION 'wide schedule: expected 1, got %', _count;
    END IF;
    RAISE NOTICE '3k OK: wide schedule tracks everything';

    RESET fasttrun.track_schedule;

    -- Очистка temp tables от prewarm
    DROP TABLE IF EXISTS temp_calc_main;
    DROP TABLE IF EXISTS temp_calc_detail;
END $$;
NOTICE:  relation "temp_calc_main" already exists, skipping
NOTICE:  shmem available — running tracking tests
NOTICE:  3b OK: tracking ON counted 20 + 5
NOTICE:  3c OK: tracking OFF, counter stayed at 20
NOTICE:  3d OK: tracking re-ON, counter grew to 23
NOTICE:  3e OK: prewarm created 2 tables
NOTICE:  3f OK: second prewarm (fasttruncate path)
NOTICE:  3g OK: reset cleared everything, prewarm returns 0
NOTICE:  relation "temp_calc_main" already exists, skipping
NOTICE:  3h OK: empty schedule tracks everything
NOTICE:  3i schedule parsing ok (count=0)
NOTICE:  3j OK: invalid schedule falls back to always-on
NOTICE:  3k OK: wide schedule tracks everything
NOTICE:  table "temp_calc_main" does not exist, skipping
-- ======================================================================
-- 4. Многократный цикл create_temp_table — fasttruncate path
-- ======================================================================
SELECT create_temp_table('temp_calc_detail');
 create_temp_table 
-------------------
 t
(1 row)

SELECT create_temp_table('temp_payment_batch');
 create_temp_table 
-------------------
 t
(1 row)

SELECT create_temp_table('temp_meter_data');
 create_temp_table 
-------------------
 t
(1 row)

DO $$
DECLARE i int;
BEGIN
    FOR i IN 1..5 LOOP
        PERFORM create_temp_table('temp_calc_main');
        PERFORM create_temp_table('temp_calc_detail');
        PERFORM create_temp_table('temp_payment_batch');
        INSERT INTO temp_calc_main (f_division) VALUES (i);
    END LOOP;
END $$;
SELECT count(*) = 1 AS last_insert_only FROM temp_calc_main;
 last_insert_only 
------------------
 t
(1 row)

-- fasttrun_analyze на созданных таблицах
INSERT INTO temp_calc_detail (f_main, n_value)
SELECT g, g * 0.5 FROM generate_series(1, 500) g;
BEGIN;
SELECT fasttrun_analyze('temp_calc_detail');
 fasttrun_analyze 
------------------
 
(1 row)

SELECT reltuples = 500 AS analyze_ok FROM fasttrun_relstats('temp_calc_detail');
 analyze_ok 
------------
 t
(1 row)

COMMIT;
-- ======================================================================
-- Очистка
-- ======================================================================
DROP TABLE IF EXISTS temp_calc_main;
DROP TABLE IF EXISTS temp_calc_detail;
DROP TABLE IF EXISTS temp_report_header;
NOTICE:  table "temp_report_header" does not exist, skipping
DROP TABLE IF EXISTS temp_payment_batch;
DROP TABLE IF EXISTS temp_meter_data;
DROP TABLE IF EXISTS temp_wide_report;
NOTICE:  table "temp_wide_report" does not exist, skipping
DROP FUNCTION public.create_temp_table(text, text);
DROP SCHEMA dummy_tmp CASCADE;
NOTICE:  drop cascades to 6 other objects
DETAIL:  drop cascades to table dummy_tmp.temp_calc_main
drop cascades to table dummy_tmp.temp_calc_detail
drop cascades to table dummy_tmp.temp_report_header
drop cascades to table dummy_tmp.temp_payment_batch
drop cascades to table dummy_tmp.temp_meter_data
drop cascades to table dummy_tmp.temp_wide_report
DROP EXTENSION fasttrun;
